<?xml version="1.0" encoding="UTF-8"?>
<!-- Generated by org.testng.reporters.JUnitReportReporter -->
<testsuite hostname="LAPTOP-LOHGNQ24" failures="0" tests="1" name="com.demout.newtours.alltest.VarifyLogin" time="4.345" errors="0" timestamp="09 May 2019 21:39:33 GMT" skipped="0">
  <testcase classname="com.demout.newtours.alltest.VarifyLogin" name="varify" time="4.345"/>
</testsuite> <!-- com.demout.newtours.alltest.VarifyLogin -->
